<?xml version="1.0" encoding="UTF-8"?>
<coverage generated="1784771199393" clover="3.2.0">
  <project timestamp="1784771199393" name="All files">
    <metrics statements="3" coveredstatements="3" conditionals="4" coveredconditionals="4" methods="2" coveredmethods="2" elements="9" coveredelements="9" complexity="0" loc="3" ncloc="3" packages="1" files="1" classes="1"/>
    <file name="Breadcrumb.tsx" path="/app/src/components/Breadcrumb.tsx">
      <metrics statements="3" coveredstatements="3" conditionals="4" coveredconditionals="4" methods="2" coveredmethods="2"/>
      <line num="8" count="3" type="stmt"/>
      <line num="11" count="4" type="stmt"/>
      <line num="12" count="4" type="stmt"/>
    </file>
  </project>
</coverage>
