{"/app/src/components/Breadcrumb.tsx": {"path":"/app/src/components/Breadcrumb.tsx","statementMap":{"0":{"start":{"line":8,"column":2},"end":{"line":21,"column":null}},"1":{"start":{"line":11,"column":22},"end":{"line":11,"column":null}},"2":{"start":{"line":12,"column":8},"end":{"line":18,"column":null}}},"fnMap":{"0":{"name":"Breadcrumb","decl":{"start":{"line":7,"column":16},"end":{"line":7,"column":27}},"loc":{"start":{"line":7,"column":44},"end":{"line":23,"column":null}},"line":7},"1":{"name":"(anonymous_1)","decl":{"start":{"line":10,"column":12},"end":{"line":10,"column":17}},"loc":{"start":{"line":10,"column":26},"end":{"line":20,"column":7}},"line":10}},"branchMap":{"0":{"loc":{"start":{"line":14,"column":29},"end":{"line":14,"column":null}},"type":"cond-expr","locations":[{"start":{"line":14,"column":37},"end":{"line":14,"column":56}},{"start":{"line":14,"column":56},"end":{"line":14,"column":null}}],"line":14},"1":{"loc":{"start":{"line":17,"column":13},"end":{"line":18,"column":null}},"type":"binary-expr","locations":[{"start":{"line":17,"column":13},"end":{"line":17,"column":23}},{"start":{"line":17,"column":23},"end":{"line":18,"column":null}}],"line":17}},"s":{"0":3,"1":4,"2":4},"f":{"0":3,"1":4},"b":{"0":[2,2],"1":[4,2]},"meta":{"lastBranch":2,"lastFunction":2,"lastStatement":3,"seen":{"f:7:16:7:27":0,"s:8:2:21:Infinity":0,"f:10:12:10:17":1,"s:11:22:11:Infinity":1,"s:12:8:18:Infinity":2,"b:14:37:14:56:14:56:14:Infinity":0,"b:17:13:17:23:17:23:18:Infinity":1},"fnNames":{}}}
}
